<?xml version="1.0" encoding="UTF-8"?>
<!-- Generated by org.testng.reporters.JUnitXMLReporter -->
<testsuite ignored="0" hostname="LNAR-5CG009107N" failures="0" tests="4" name="Test" time="45.604" errors="0" timestamp="2022-11-04T13:48:46 PDT">
  <testcase classname="com.browserTitle.EdgeTest2" name="testinDockerFireFoxTest2" time="18.338"/>
  <testcase classname="com.browserTitle.ChromeTest1" name="testinChrome1Docker" time="11.715"/>
  <testcase classname="com.browserTitle.ChromeTest2" name="testinChrome1Docker" time="6.599"/>
  <testcase classname="com.browserTitle.EdgeTest1" name="testinFireFox1Docker" time="8.893"/>
</testsuite> <!-- Test -->
