<?xml version="1.0" encoding="UTF-8"?>
<testsuite xmlns:xsi="http://www.w3.org/2001/XMLSchema-instance" xsi:noNamespaceSchemaLocation="https://maven.apache.org/surefire/maven-surefire-plugin/xsd/surefire-test-report-3.0.xsd" version="3.0" name="TestSuite" time="91.671" tests="4" errors="0" skipped="0" failures="0">
  <properties>
[...]
</properties>
  <testcase name="testinDockerFireFoxTest2" classname="com.browserTitle.EdgeTest2" time="18.41">
    <system-out><![CDATA[***In BaseTest***
****Output.txt present or not  : true
***output.txt file File is deleted successfully*** 
Current Line : dockerwithoutimage-chrome-1   | 20:47:44.830 INFO [NodeServer.lambda$createHandlers$2] - Node has been added
dockerwithoutimage-chrome-1   | 20:47:44.830 INFO [NodeServer.lambda$createHandlers$2] - Node has been added
Hub is started
Privacy error
]]></system-out>
    <system-err><![CDATA[SLF4J: Failed to load class "org.slf4j.impl.StaticLoggerBinder".
SLF4J: Defaulting to no-operation (NOP) logger implementation
SLF4J: See http://www.slf4j.org/codes.html#StaticLoggerBinder for further details.
Nov 04, 2022 1:48:15 PM org.openqa.selenium.remote.ProtocolHandshake createSession
INFO: Detected dialect: W3C
]]></system-err>
  </testcase>
  <testcase name="testinChrome1Docker" classname="com.browserTitle.ChromeTest1" time="11.623">
    <system-out><![CDATA[*****Chrome Test 1*** 
Google
]]></system-out>
    <system-err><![CDATA[Nov 04, 2022 1:48:26 PM org.openqa.selenium.remote.ProtocolHandshake createSession
INFO: Detected dialect: W3C
]]></system-err>
  </testcase>
  <testcase name="testinChrome1Docker" classname="com.browserTitle.ChromeTest2" time="6.643">
    <system-out><![CDATA[Privacy error
]]></system-out>
    <system-err><![CDATA[Nov 04, 2022 1:48:34 PM org.openqa.selenium.remote.ProtocolHandshake createSession
INFO: Detected dialect: W3C
]]></system-err>
  </testcase>
  <testcase name="testinFireFox1Docker" classname="com.browserTitle.EdgeTest1" time="8.836">
    <system-out><![CDATA[Google
]]></system-out>
    <system-err><![CDATA[Nov 04, 2022 1:48:40 PM org.openqa.selenium.remote.ProtocolHandshake createSession
INFO: Detected dialect: W3C
]]></system-err>
  </testcase>
</testsuite>